Log file open, 01/10/20 22:30:02
LogWindows: Failed to load 'aqProf.dll' (GetLastError=126)
LogWindows: File 'aqProf.dll' does not exist
LogWindows: Failed to load 'VtuneApi.dll' (GetLastError=126)
LogWindows: File 'VtuneApi.dll' does not exist
LogWindows: Failed to load 'VtuneApi32e.dll' (GetLastError=126)
LogWindows: File 'VtuneApi32e.dll' does not exist
LogConsoleResponse: Display: Failed to find resolution value strings in scalability ini. Falling back to default.
LogPakFile: Display: Found Pak file ../../../MarbleRun/Content/Paks/MarbleRun-WindowsNoEditor.pak attempting to mount.
LogPakFile: Display: Mounting pak file ../../../MarbleRun/Content/Paks/MarbleRun-WindowsNoEditor.pak.
LogPlatformFile: Not using cached read wrapper
LogTaskGraph: Started task graph with 5 named threads and 23 total threads with 3 sets of task threads.
LogStats: Stats thread started at 0.054733
LogD3D11RHI: Loaded GFSDK_Aftermath_Lib.x64.dll
LogICUInternationalization: ICU TimeZone Detection - Raw Offset: +1:00, Platform Override: ''
LogPluginManager: Mounting plugin Paper2D
LogPluginManager: Mounting plugin AISupport
LogPluginManager: Mounting plugin LightPropagationVolume
LogPluginManager: Mounting plugin AnimationSharing
LogPluginManager: Mounting plugin SignificanceManager
LogPluginManager: Mounting plugin AssetManagerEditor
LogPluginManager: Mounting plugin CryptoKeys
LogPluginManager: Mounting plugin CurveEditorTools
LogPluginManager: Mounting plugin FacialAnimation
LogPluginManager: Mounting plugin DatasmithContent
LogPluginManager: Mounting plugin VariantManagerContent
LogPluginManager: Mounting plugin AlembicImporter
LogPluginManager: Mounting plugin GeometryCache
LogPluginManager: Mounting plugin AutomationUtils
LogPluginManager: Mounting plugin ScreenshotTools
LogPluginManager: Mounting plugin BackChannel
LogPluginManager: Mounting plugin CharacterAI
LogPluginManager: Mounting plugin HTML5Networking
LogPluginManager: Mounting plugin PlatformCrypto
LogPluginManager: Mounting plugin AvfMedia
LogPluginManager: Mounting plugin ImgMedia
LogPluginManager: Mounting plugin MediaCompositing
LogPluginManager: Mounting plugin WmfMedia
LogPluginManager: Mounting plugin TcpMessaging
LogPluginManager: Mounting plugin UdpMessaging
LogPluginManager: Mounting plugin ActorSequence
LogPluginManager: Mounting plugin NetcodeUnitTest
LogPluginManager: Mounting plugin OnlineSubsystemNull
LogPluginManager: Mounting plugin OnlineSubsystem
LogPluginManager: Mounting plugin OnlineSubsystemUtils
LogPluginManager: Mounting plugin LauncherChunkInstaller
LogPluginManager: Mounting plugin AndroidPermission
LogPluginManager: Mounting plugin AppleImageUtils
LogPluginManager: Mounting plugin ArchVisCharacter
LogPluginManager: Mounting plugin AudioCapture
LogPluginManager: Mounting plugin CableComponent
LogPluginManager: Mounting plugin CustomMeshComponent
LogPluginManager: Mounting plugin EditableMesh
LogPluginManager: Mounting plugin ExampleDeviceProfileSelector
LogPluginManager: Mounting plugin LocationServicesBPLibrary
LogPluginManager: Mounting plugin MobilePatchingUtils
LogPluginManager: Mounting plugin OculusVR
LogPluginManager: Mounting plugin ProceduralMeshComponent
LogPluginManager: Mounting plugin PhysXVehicles
LogPluginManager: Mounting plugin RuntimePhysXCooking
LogPluginManager: Mounting plugin SteamVR
LogPluginManager: Mounting plugin WebMMoviePlayer
LogPluginManager: Mounting plugin WebMMedia
LogPluginManager: Mounting plugin WindowsMoviePlayer
LogInit: Using libcurl 7.55.1-DEV
LogInit:  - built for x86_64-pc-win32
LogInit:  - supports SSL with OpenSSL/1.1.1
LogInit:  - supports HTTP deflate (compression) using libz 1.2.8
LogInit:  - other features:
LogInit:      CURL_VERSION_SSL
LogInit:      CURL_VERSION_LIBZ
LogInit:      CURL_VERSION_IPV6
LogInit:      CURL_VERSION_ASYNCHDNS
LogInit:      CURL_VERSION_LARGEFILE
LogInit:      CURL_VERSION_IDN
LogInit:  CurlRequestOptions (configurable via config and command line):
LogInit:  - bVerifyPeer = true  - Libcurl will verify peer certificate
LogInit:  - bUseHttpProxy = false  - Libcurl will NOT use HTTP proxy
LogInit:  - bDontReuseConnections = false  - Libcurl will reuse connections
LogInit:  - MaxHostConnections = 16  - Libcurl will limit the number of connections to a host
LogInit:  - LocalHostAddr = Default
LogInit:  - BufferSize = 65536
LogOnline: OSS: Creating online subsystem instance for: NULL
LogInit: WinSock: version 1.1 (2.2), MaxSocks=32767, MaxUdp=65467
LogInit: Build: ++UE4+Release-4.23-CL-9631420
LogInit: Engine Version: 4.23.1-9631420+++UE4+Release-4.23
LogInit: Compatible Engine Version: 4.23.0-8386587+++UE4+Release-4.23
LogInit: Net CL: 8386587
LogInit: OS: Windows 10 (Release 1909) (), CPU: Intel(R) Core(TM) i7-6700 CPU @ 3.40GHz, GPU: NVIDIA GeForce GTX 1060 6GB
LogInit: Compiled (64-bit): Oct 18 2019 02:43:36
LogInit: Compiled with Visual C++: 19.16.27030.01
LogInit: Build Configuration: Development
LogInit: Branch Name: ++UE4+Release-4.23
LogInit: Command Line: 
LogInit: Base Directory: D:/Jack S. Jadoenath/Documents/Unreal Projects/MarbleRun/MarbleRunGame/MarbleRun/Binaries/Win64/
LogInit: Installed Engine Build: 0
LogDevObjectVersion: Number of dev versions registered: 23
LogDevObjectVersion:   Dev-Blueprints (B0D832E4-1F89-4F0D-ACCF-7EB736FD4AA2): 10
LogDevObjectVersion:   Dev-Build (E1C64328-A22C-4D53-A36C-8E866417BD8C): 0
LogDevObjectVersion:   Dev-Core (375EC13C-06E4-48FB-B500-84F0262A717E): 3
LogDevObjectVersion:   Dev-Editor (E4B068ED-F494-42E9-A231-DA0B2E46BB41): 34
LogDevObjectVersion:   Dev-Framework (CFFC743F-43B0-4480-9391-14DF171D2073): 35
LogDevObjectVersion:   Dev-Mobile (B02B49B5-BB20-44E9-A304-32B752E40360): 2
LogDevObjectVersion:   Dev-Networking (A4E4105C-59A1-49B5-A7C5-40C4547EDFEE): 0
LogDevObjectVersion:   Dev-Online (39C831C9-5AE6-47DC-9A44-9C173E1C8E7C): 0
LogDevObjectVersion:   Dev-Physics (78F01B33-EBEA-4F98-B9B4-84EACCB95AA2): 0
LogDevObjectVersion:   Dev-Platform (6631380F-2D4D-43E0-8009-CF276956A95A): 0
LogDevObjectVersion:   Dev-Rendering (12F88B9F-8875-4AFC-A67C-D90C383ABD29): 31
LogDevObjectVersion:   Dev-Sequencer (7B5AE74C-D270-4C10-A958-57980B212A5A): 11
LogDevObjectVersion:   Dev-VR (D7296918-1DD6-4BDD-9DE2-64A83CC13884): 2
LogDevObjectVersion:   Dev-LoadTimes (C2A15278-BFE7-4AFE-6C17-90FF531DF755): 1
LogDevObjectVersion:   Private-Geometry (6EACA3D4-40EC-4CC1-B786-8BED09428FC5): 3
LogDevObjectVersion:   Dev-AnimPhys (29E575DD-E0A3-4627-9D10-D276232CDCEA): 17
LogDevObjectVersion:   Dev-Anim (AF43A65D-7FD3-4947-9873-3E8ED9C1BB05): 2
LogDevObjectVersion:   Dev-ReflectionCapture (6B266CEC-1EC7-4B8F-A30B-E4D90942FC07): 1
LogDevObjectVersion:   Dev-Automation (0DF73D61-A23F-47EA-B727-89E90C41499A): 1
LogDevObjectVersion:   FortniteMain (601D1886-AC64-4F84-AA16-D3DE0DEAC7D6): 27
LogDevObjectVersion:   Dev-Enterprise (9DFFBCD6-494F-0158-E221-12823C92A888): 6
LogDevObjectVersion:   Dev-Niagara (F2AED0AC-9AFE-416F-8664-AA7FFA26D6FC): 1
LogDevObjectVersion:   Dev-Destruction (174F1F0B-B4C6-45A5-B13F-2EE8D0FB917D): 9
LogInit: Presizing for max 2097152 objects, including 1 objects not considered by GC, pre-allocating 0 bytes for permanent pool.
LogStreaming: Display: Async Loading initialized: Event Driven Loader: true, Async Loading Thread: false, Async Post Load: true
LogInit: Object subsystem initialized
LogConfig: Setting CVar [[con.DebugEarlyDefault:1]]
LogConfig: Setting CVar [[r.setres:1280x720]]
[2020.01.10-21.30.02:372][  0]LogConfig: Setting CVar [[con.DebugEarlyDefault:1]]
[2020.01.10-21.30.02:372][  0]LogConfig: Setting CVar [[r.setres:1280x720]]
[2020.01.10-21.30.02:372][  0]LogConfig: Applying CVar settings from Section [/Script/Engine.RendererSettings] File [../../../MarbleRun/Saved/Config/WindowsNoEditor/Engine.ini]
[2020.01.10-21.30.02:372][  0]LogConfig: Setting CVar [[r.GPUCrashDebugging:0]]
[2020.01.10-21.30.02:372][  0]LogConfig: Setting CVar [[r.DefaultFeature.AutoExposure.ExtendDefaultLuminanceRange:1]]
[2020.01.10-21.30.02:372][  0]LogConfig: Applying CVar settings from Section [/Script/Engine.RendererOverrideSettings] File [../../../MarbleRun/Saved/Config/WindowsNoEditor/Engine.ini]
[2020.01.10-21.30.02:372][  0]LogConfig: Applying CVar settings from Section [/Script/Engine.StreamingSettings] File [../../../MarbleRun/Saved/Config/WindowsNoEditor/Engine.ini]
[2020.01.10-21.30.02:372][  0]LogConfig: Setting CVar [[s.MinBulkDataSizeForAsyncLoading:131072]]
[2020.01.10-21.30.02:372][  0]LogConfig: Setting CVar [[s.AsyncLoadingThreadEnabled:0]]
[2020.01.10-21.30.02:372][  0]LogConfig: Setting CVar [[s.EventDrivenLoaderEnabled:1]]
[2020.01.10-21.30.02:372][  0]LogConfig: Setting CVar [[s.WarnIfTimeLimitExceeded:0]]
[2020.01.10-21.30.02:372][  0]LogConfig: Setting CVar [[s.TimeLimitExceededMultiplier:1.5]]
[2020.01.10-21.30.02:372][  0]LogConfig: Setting CVar [[s.TimeLimitExceededMinTime:0.005]]
[2020.01.10-21.30.02:372][  0]LogConfig: Setting CVar [[s.UseBackgroundLevelStreaming:1]]
[2020.01.10-21.30.02:372][  0]LogConfig: Setting CVar [[s.PriorityAsyncLoadingExtraTime:15.0]]
[2020.01.10-21.30.02:372][  0]LogConfig: Setting CVar [[s.LevelStreamingActorsUpdateTimeLimit:5.0]]
[2020.01.10-21.30.02:372][  0]LogConfig: Setting CVar [[s.PriorityLevelStreamingActorsUpdateExtraTime:5.0]]
[2020.01.10-21.30.02:372][  0]LogConfig: Setting CVar [[s.LevelStreamingComponentsRegistrationGranularity:10]]
[2020.01.10-21.30.02:372][  0]LogConfig: Setting CVar [[s.UnregisterComponentsTimeLimit:1.0]]
[2020.01.10-21.30.02:372][  0]LogConfig: Setting CVar [[s.LevelStreamingComponentsUnregistrationGranularity:5]]
[2020.01.10-21.30.02:372][  0]LogConfig: Applying CVar settings from Section [/Script/Engine.GarbageCollectionSettings] File [../../../MarbleRun/Saved/Config/WindowsNoEditor/Engine.ini]
[2020.01.10-21.30.02:372][  0]LogConfig: Setting CVar [[gc.MaxObjectsNotConsideredByGC:1]]
[2020.01.10-21.30.02:372][  0]LogConfig: Setting CVar [[gc.SizeOfPermanentObjectPool:0]]
[2020.01.10-21.30.02:372][  0]LogConfig: Setting CVar [[gc.FlushStreamingOnGC:0]]
[2020.01.10-21.30.02:372][  0]LogConfig: Setting CVar [[gc.NumRetriesBeforeForcingGC:10]]
[2020.01.10-21.30.02:372][  0]LogConfig: Setting CVar [[gc.AllowParallelGC:1]]
[2020.01.10-21.30.02:372][  0]LogConfig: Setting CVar [[gc.TimeBetweenPurgingPendingKillObjects:61.1]]
[2020.01.10-21.30.02:372][  0]LogConfig: Setting CVar [[gc.MaxObjectsInEditor:16777216]]
[2020.01.10-21.30.02:372][  0]LogConfig: Setting CVar [[gc.IncrementalBeginDestroyEnabled:1]]
[2020.01.10-21.30.02:372][  0]LogConfig: Setting CVar [[gc.CreateGCClusters:1]]
[2020.01.10-21.30.02:372][  0]LogConfig: Setting CVar [[gc.MinGCClusterSize:5]]
[2020.01.10-21.30.02:372][  0]LogConfig: Setting CVar [[gc.ActorClusteringEnabled:0]]
[2020.01.10-21.30.02:372][  0]LogConfig: Setting CVar [[gc.BlueprintClusteringEnabled:0]]
[2020.01.10-21.30.02:372][  0]LogConfig: Setting CVar [[gc.UseDisregardForGCOnDedicatedServers:0]]
[2020.01.10-21.30.02:372][  0]LogConfig: Applying CVar settings from Section [/Script/Engine.NetworkSettings] File [../../../MarbleRun/Saved/Config/WindowsNoEditor/Engine.ini]
[2020.01.10-21.30.02:380][  0]LogConfig: Applying CVar settings from Section [ViewDistanceQuality@3] File [../../../MarbleRun/Saved/Config/WindowsNoEditor/Scalability.ini]
[2020.01.10-21.30.02:380][  0]LogConfig: Setting CVar [[r.SkeletalMeshLODBias:0]]
[2020.01.10-21.30.02:380][  0]LogConfig: Setting CVar [[r.ViewDistanceScale:1.0]]
[2020.01.10-21.30.02:380][  0]LogConfig: Applying CVar settings from Section [AntiAliasingQuality@3] File [../../../MarbleRun/Saved/Config/WindowsNoEditor/Scalability.ini]
[2020.01.10-21.30.02:380][  0]LogConfig: Setting CVar [[r.PostProcessAAQuality:4]]
[2020.01.10-21.30.02:380][  0]LogConfig: Applying CVar settings from Section [ShadowQuality@3] File [../../../MarbleRun/Saved/Config/WindowsNoEditor/Scalability.ini]
[2020.01.10-21.30.02:380][  0]LogConfig: Setting CVar [[r.LightFunctionQuality:1]]
[2020.01.10-21.30.02:380][  0]LogConfig: Setting CVar [[r.ShadowQuality:5]]
[2020.01.10-21.30.02:380][  0]LogConfig: Setting CVar [[r.Shadow.CSM.MaxCascades:10]]
[2020.01.10-21.30.02:380][  0]LogConfig: Setting CVar [[r.Shadow.MaxResolution:2048]]
[2020.01.10-21.30.02:380][  0]LogConfig: Setting CVar [[r.Shadow.MaxCSMResolution:2048]]
[2020.01.10-21.30.02:380][  0]LogConfig: Setting CVar [[r.Shadow.RadiusThreshold:0.01]]
[2020.01.10-21.30.02:380][  0]LogConfig: Setting CVar [[r.Shadow.DistanceScale:1.0]]
[2020.01.10-21.30.02:380][  0]LogConfig: Setting CVar [[r.Shadow.CSM.TransitionScale:1.0]]
[2020.01.10-21.30.02:380][  0]LogConfig: Setting CVar [[r.Shadow.PreShadowResolutionFactor:1.0]]
[2020.01.10-21.30.02:380][  0]LogConfig: Setting CVar [[r.DistanceFieldShadowing:1]]
[2020.01.10-21.30.02:380][  0]LogConfig: Setting CVar [[r.DistanceFieldAO:1]]
[2020.01.10-21.30.02:380][  0]LogConfig: Setting CVar [[r.AOQuality:2]]
[2020.01.10-21.30.02:380][  0]LogConfig: Setting CVar [[r.VolumetricFog:1]]
[2020.01.10-21.30.02:380][  0]LogConfig: Setting CVar [[r.VolumetricFog.GridPixelSize:8]]
[2020.01.10-21.30.02:380][  0]LogConfig: Setting CVar [[r.VolumetricFog.GridSizeZ:128]]
[2020.01.10-21.30.02:380][  0]LogConfig: Setting CVar [[r.VolumetricFog.HistoryMissSupersampleCount:4]]
[2020.01.10-21.30.02:380][  0]LogConfig: Setting CVar [[r.LightMaxDrawDistanceScale:1]]
[2020.01.10-21.30.02:380][  0]LogConfig: Setting CVar [[r.CapsuleShadows:1]]
[2020.01.10-21.30.02:380][  0]LogConfig: Applying CVar settings from Section [PostProcessQuality@3] File [../../../MarbleRun/Saved/Config/WindowsNoEditor/Scalability.ini]
[2020.01.10-21.30.02:380][  0]LogConfig: Setting CVar [[r.MotionBlurQuality:4]]
[2020.01.10-21.30.02:380][  0]LogConfig: Setting CVar [[r.AmbientOcclusionMipLevelFactor:0.4]]
[2020.01.10-21.30.02:380][  0]LogConfig: Setting CVar [[r.AmbientOcclusionMaxQuality:100]]
[2020.01.10-21.30.02:380][  0]LogConfig: Setting CVar [[r.AmbientOcclusionLevels:-1]]
[2020.01.10-21.30.02:380][  0]LogConfig: Setting CVar [[r.AmbientOcclusionRadiusScale:1.0]]
[2020.01.10-21.30.02:380][  0]LogConfig: Setting CVar [[r.DepthOfFieldQuality:2]]
[2020.01.10-21.30.02:380][  0]LogConfig: Setting CVar [[r.RenderTargetPoolMin:400]]
[2020.01.10-21.30.02:381][  0]LogConfig: Setting CVar [[r.LensFlareQuality:2]]
[2020.01.10-21.30.02:381][  0]LogConfig: Setting CVar [[r.SceneColorFringeQuality:1]]
[2020.01.10-21.30.02:381][  0]LogConfig: Setting CVar [[r.EyeAdaptationQuality:2]]
[2020.01.10-21.30.02:381][  0]LogConfig: Setting CVar [[r.BloomQuality:5]]
[2020.01.10-21.30.02:381][  0]LogConfig: Setting CVar [[r.FastBlurThreshold:100]]
[2020.01.10-21.30.02:381][  0]LogConfig: Setting CVar [[r.Upscale.Quality:3]]
[2020.01.10-21.30.02:381][  0]LogConfig: Setting CVar [[r.Tonemapper.GrainQuantization:1]]
[2020.01.10-21.30.02:381][  0]LogConfig: Setting CVar [[r.LightShaftQuality:1]]
[2020.01.10-21.30.02:381][  0]LogConfig: Setting CVar [[r.Filter.SizeScale:1]]
[2020.01.10-21.30.02:381][  0]LogConfig: Setting CVar [[r.Tonemapper.Quality:5]]
[2020.01.10-21.30.02:381][  0]LogConfig: Setting CVar [[r.DOF.Gather.AccumulatorQuality:1        ; higher gathering accumulator quality]]
[2020.01.10-21.30.02:381][  0]LogConfig: Setting CVar [[r.DOF.Gather.PostfilterMethod:1          ; Median3x3 postfilering method]]
[2020.01.10-21.30.02:381][  0]LogConfig: Setting CVar [[r.DOF.Gather.EnableBokehSettings:0       ; no bokeh simulation when gathering]]
[2020.01.10-21.30.02:381][  0]LogConfig: Setting CVar [[r.DOF.Gather.RingCount:4                 ; medium number of samples when gathering]]
[2020.01.10-21.30.02:381][  0]LogConfig: Setting CVar [[r.DOF.Scatter.ForegroundCompositing:1    ; additive foreground scattering]]
[2020.01.10-21.30.02:381][  0]LogConfig: Setting CVar [[r.DOF.Scatter.BackgroundCompositing:2    ; additive background scattering]]
[2020.01.10-21.30.02:381][  0]LogConfig: Setting CVar [[r.DOF.Scatter.EnableBokehSettings:1      ; bokeh simulation when scattering]]
[2020.01.10-21.30.02:381][  0]LogConfig: Setting CVar [[r.DOF.Scatter.MaxSpriteRatio:0.1         ; only a maximum of 10% of scattered bokeh]]
[2020.01.10-21.30.02:381][  0]LogConfig: Setting CVar [[r.DOF.Recombine.Quality:1                ; cheap slight out of focus]]
[2020.01.10-21.30.02:381][  0]LogConfig: Setting CVar [[r.DOF.Recombine.EnableBokehSettings:0    ; no bokeh simulation on slight out of focus]]
[2020.01.10-21.30.02:381][  0]LogConfig: Setting CVar [[r.DOF.TemporalAAQuality:1                ; more stable temporal accumulation]]
[2020.01.10-21.30.02:381][  0]LogConfig: Setting CVar [[r.DOF.Kernel.MaxForegroundRadius:0.025]]
[2020.01.10-21.30.02:381][  0]LogConfig: Setting CVar [[r.DOF.Kernel.MaxBackgroundRadius:0.025]]
[2020.01.10-21.30.02:381][  0]LogConfig: Applying CVar settings from Section [TextureQuality@3] File [../../../MarbleRun/Saved/Config/WindowsNoEditor/Scalability.ini]
[2020.01.10-21.30.02:381][  0]LogConfig: Setting CVar [[r.Streaming.MipBias:0]]
[2020.01.10-21.30.02:381][  0]LogConfig: Setting CVar [[r.Streaming.AmortizeCPUToGPUCopy:0]]
[2020.01.10-21.30.02:381][  0]LogConfig: Setting CVar [[r.Streaming.MaxNumTexturesToStreamPerFrame:0]]
[2020.01.10-21.30.02:381][  0]LogConfig: Setting CVar [[r.Streaming.Boost:1]]
[2020.01.10-21.30.02:381][  0]LogConfig: Setting CVar [[r.MaxAnisotropy:8]]
[2020.01.10-21.30.02:381][  0]LogConfig: Setting CVar [[r.Streaming.LimitPoolSizeToVRAM:0]]
[2020.01.10-21.30.02:381][  0]LogConfig: Setting CVar [[r.Streaming.PoolSize:1000]]
[2020.01.10-21.30.02:381][  0]LogConfig: Setting CVar [[r.Streaming.MaxEffectiveScreenSize:0]]
[2020.01.10-21.30.02:381][  0]LogConfig: Applying CVar settings from Section [EffectsQuality@3] File [../../../MarbleRun/Saved/Config/WindowsNoEditor/Scalability.ini]
[2020.01.10-21.30.02:381][  0]LogConfig: Setting CVar [[r.TranslucencyLightingVolumeDim:64]]
[2020.01.10-21.30.02:381][  0]LogConfig: Setting CVar [[r.RefractionQuality:2]]
[2020.01.10-21.30.02:381][  0]LogConfig: Setting CVar [[r.SSR.Quality:3]]
[2020.01.10-21.30.02:381][  0]LogConfig: Setting CVar [[r.SceneColorFormat:4]]
[2020.01.10-21.30.02:381][  0]LogConfig: Setting CVar [[r.DetailMode:2]]
[2020.01.10-21.30.02:381][  0]LogConfig: Setting CVar [[r.TranslucencyVolumeBlur:1]]
[2020.01.10-21.30.02:381][  0]LogConfig: Setting CVar [[r.MaterialQualityLevel:1 ; High quality]]
[2020.01.10-21.30.02:381][  0]LogConfig: Setting CVar [[r.SSS.Scale:1]]
[2020.01.10-21.30.02:381][  0]LogConfig: Setting CVar [[r.SSS.SampleSet:2]]
[2020.01.10-21.30.02:381][  0]LogConfig: Setting CVar [[r.SSS.Quality:1]]
[2020.01.10-21.30.02:381][  0]LogConfig: Setting CVar [[r.SSS.HalfRes:1]]
[2020.01.10-21.30.02:381][  0]LogConfig: Setting CVar [[r.EmitterSpawnRateScale:1.0]]
[2020.01.10-21.30.02:381][  0]LogConfig: Setting CVar [[r.ParticleLightQuality:2]]
[2020.01.10-21.30.02:381][  0]LogConfig: Applying CVar settings from Section [FoliageQuality@3] File [../../../MarbleRun/Saved/Config/WindowsNoEditor/Scalability.ini]
[2020.01.10-21.30.02:381][  0]LogConfig: Setting CVar [[foliage.DensityScale:1.0]]
[2020.01.10-21.30.02:381][  0]LogConfig: Setting CVar [[grass.DensityScale:1.0]]
[2020.01.10-21.30.02:381][  0]LogInit: Selected Device Profile: [WindowsNoEditor]
[2020.01.10-21.30.02:382][  0]LogInit: Applying CVar settings loaded from the selected device profile: [WindowsNoEditor]
[2020.01.10-21.30.02:384][  0]LogHAL: Display: Platform has ~ 16 GB [17129783296 / 17179869184 / 16], which maps to Larger [LargestMinGB=32, LargerMinGB=12, DefaultMinGB=8, SmallerMinGB=6, SmallestMinGB=0)
[2020.01.10-21.30.02:384][  0]LogInit: Going up to parent DeviceProfile [Windows]
[2020.01.10-21.30.02:384][  0]LogInit: Going up to parent DeviceProfile []
[2020.01.10-21.30.02:384][  0]LogConfig: Applying CVar settings from Section [ViewDistanceQuality@3] File [../../../MarbleRun/Saved/Config/WindowsNoEditor/Scalability.ini]
[2020.01.10-21.30.02:385][  0]LogConfig: Setting CVar [[r.SkeletalMeshLODBias:0]]
[2020.01.10-21.30.02:385][  0]LogConfig: Setting CVar [[r.ViewDistanceScale:1.0]]
[2020.01.10-21.30.02:385][  0]LogConfig: Applying CVar settings from Section [AntiAliasingQuality@3] File [../../../MarbleRun/Saved/Config/WindowsNoEditor/Scalability.ini]
[2020.01.10-21.30.02:385][  0]LogConfig: Setting CVar [[r.PostProcessAAQuality:4]]
[2020.01.10-21.30.02:385][  0]LogConfig: Applying CVar settings from Section [ShadowQuality@3] File [../../../MarbleRun/Saved/Config/WindowsNoEditor/Scalability.ini]
[2020.01.10-21.30.02:385][  0]LogConfig: Setting CVar [[r.LightFunctionQuality:1]]
[2020.01.10-21.30.02:385][  0]LogConfig: Setting CVar [[r.ShadowQuality:5]]
[2020.01.10-21.30.02:385][  0]LogConfig: Setting CVar [[r.Shadow.CSM.MaxCascades:10]]
[2020.01.10-21.30.02:385][  0]LogConfig: Setting CVar [[r.Shadow.MaxResolution:2048]]
[2020.01.10-21.30.02:385][  0]LogConfig: Setting CVar [[r.Shadow.MaxCSMResolution:2048]]
[2020.01.10-21.30.02:385][  0]LogConfig: Setting CVar [[r.Shadow.RadiusThreshold:0.01]]
[2020.01.10-21.30.02:385][  0]LogConfig: Setting CVar [[r.Shadow.DistanceScale:1.0]]
[2020.01.10-21.30.02:385][  0]LogConfig: Setting CVar [[r.Shadow.CSM.TransitionScale:1.0]]
[2020.01.10-21.30.02:385][  0]LogConfig: Setting CVar [[r.Shadow.PreShadowResolutionFactor:1.0]]
[2020.01.10-21.30.02:385][  0]LogConfig: Setting CVar [[r.DistanceFieldShadowing:1]]
[2020.01.10-21.30.02:385][  0]LogConfig: Setting CVar [[r.DistanceFieldAO:1]]
[2020.01.10-21.30.02:385][  0]LogConfig: Setting CVar [[r.AOQuality:2]]
[2020.01.10-21.30.02:385][  0]LogConfig: Setting CVar [[r.VolumetricFog:1]]
[2020.01.10-21.30.02:385][  0]LogConfig: Setting CVar [[r.VolumetricFog.GridPixelSize:8]]
[2020.01.10-21.30.02:385][  0]LogConfig: Setting CVar [[r.VolumetricFog.GridSizeZ:128]]
[2020.01.10-21.30.02:385][  0]LogConfig: Setting CVar [[r.VolumetricFog.HistoryMissSupersampleCount:4]]
[2020.01.10-21.30.02:385][  0]LogConfig: Setting CVar [[r.LightMaxDrawDistanceScale:1]]
[2020.01.10-21.30.02:385][  0]LogConfig: Setting CVar [[r.CapsuleShadows:1]]
[2020.01.10-21.30.02:385][  0]LogConfig: Applying CVar settings from Section [PostProcessQuality@3] File [../../../MarbleRun/Saved/Config/WindowsNoEditor/Scalability.ini]
[2020.01.10-21.30.02:385][  0]LogConfig: Setting CVar [[r.MotionBlurQuality:4]]
[2020.01.10-21.30.02:385][  0]LogConfig: Setting CVar [[r.AmbientOcclusionMipLevelFactor:0.4]]
[2020.01.10-21.30.02:385][  0]LogConfig: Setting CVar [[r.AmbientOcclusionMaxQuality:100]]
[2020.01.10-21.30.02:385][  0]LogConfig: Setting CVar [[r.AmbientOcclusionLevels:-1]]
[2020.01.10-21.30.02:385][  0]LogConfig: Setting CVar [[r.AmbientOcclusionRadiusScale:1.0]]
[2020.01.10-21.30.02:385][  0]LogConfig: Setting CVar [[r.DepthOfFieldQuality:2]]
[2020.01.10-21.30.02:385][  0]LogConfig: Setting CVar [[r.RenderTargetPoolMin:400]]
[2020.01.10-21.30.02:385][  0]LogConfig: Setting CVar [[r.LensFlareQuality:2]]
[2020.01.10-21.30.02:385][  0]LogConfig: Setting CVar [[r.SceneColorFringeQuality:1]]
[2020.01.10-21.30.02:385][  0]LogConfig: Setting CVar [[r.EyeAdaptationQuality:2]]
[2020.01.10-21.30.02:385][  0]LogConfig: Setting CVar [[r.BloomQuality:5]]
[2020.01.10-21.30.02:385][  0]LogConfig: Setting CVar [[r.FastBlurThreshold:100]]
[2020.01.10-21.30.02:385][  0]LogConfig: Setting CVar [[r.Upscale.Quality:3]]
[2020.01.10-21.30.02:385][  0]LogConfig: Setting CVar [[r.Tonemapper.GrainQuantization:1]]
[2020.01.10-21.30.02:385][  0]LogConfig: Setting CVar [[r.LightShaftQuality:1]]
[2020.01.10-21.30.02:385][  0]LogConfig: Setting CVar [[r.Filter.SizeScale:1]]
[2020.01.10-21.30.02:385][  0]LogConfig: Setting CVar [[r.Tonemapper.Quality:5]]
[2020.01.10-21.30.02:385][  0]LogConfig: Setting CVar [[r.DOF.Gather.AccumulatorQuality:1        ; higher gathering accumulator quality]]
[2020.01.10-21.30.02:385][  0]LogConfig: Setting CVar [[r.DOF.Gather.PostfilterMethod:1          ; Median3x3 postfilering method]]
[2020.01.10-21.30.02:385][  0]LogConfig: Setting CVar [[r.DOF.Gather.EnableBokehSettings:0       ; no bokeh simulation when gathering]]
[2020.01.10-21.30.02:385][  0]LogConfig: Setting CVar [[r.DOF.Gather.RingCount:4                 ; medium number of samples when gathering]]
[2020.01.10-21.30.02:385][  0]LogConfig: Setting CVar [[r.DOF.Scatter.ForegroundCompositing:1    ; additive foreground scattering]]
[2020.01.10-21.30.02:385][  0]LogConfig: Setting CVar [[r.DOF.Scatter.BackgroundCompositing:2    ; additive background scattering]]
[2020.01.10-21.30.02:385][  0]LogConfig: Setting CVar [[r.DOF.Scatter.EnableBokehSettings:1      ; bokeh simulation when scattering]]
[2020.01.10-21.30.02:385][  0]LogConfig: Setting CVar [[r.DOF.Scatter.MaxSpriteRatio:0.1         ; only a maximum of 10% of scattered bokeh]]
[2020.01.10-21.30.02:385][  0]LogConfig: Setting CVar [[r.DOF.Recombine.Quality:1                ; cheap slight out of focus]]
[2020.01.10-21.30.02:385][  0]LogConfig: Setting CVar [[r.DOF.Recombine.EnableBokehSettings:0    ; no bokeh simulation on slight out of focus]]
[2020.01.10-21.30.02:385][  0]LogConfig: Setting CVar [[r.DOF.TemporalAAQuality:1                ; more stable temporal accumulation]]
[2020.01.10-21.30.02:385][  0]LogConfig: Setting CVar [[r.DOF.Kernel.MaxForegroundRadius:0.025]]
[2020.01.10-21.30.02:385][  0]LogConfig: Setting CVar [[r.DOF.Kernel.MaxBackgroundRadius:0.025]]
[2020.01.10-21.30.02:385][  0]LogConfig: Applying CVar settings from Section [TextureQuality@3] File [../../../MarbleRun/Saved/Config/WindowsNoEditor/Scalability.ini]
[2020.01.10-21.30.02:385][  0]LogConfig: Setting CVar [[r.Streaming.MipBias:0]]
[2020.01.10-21.30.02:385][  0]LogConfig: Setting CVar [[r.Streaming.AmortizeCPUToGPUCopy:0]]
[2020.01.10-21.30.02:385][  0]LogConfig: Setting CVar [[r.Streaming.MaxNumTexturesToStreamPerFrame:0]]
[2020.01.10-21.30.02:385][  0]LogConfig: Setting CVar [[r.Streaming.Boost:1]]
[2020.01.10-21.30.02:385][  0]LogConfig: Setting CVar [[r.MaxAnisotropy:8]]
[2020.01.10-21.30.02:385][  0]LogConfig: Setting CVar [[r.Streaming.LimitPoolSizeToVRAM:0]]
[2020.01.10-21.30.02:385][  0]LogConfig: Setting CVar [[r.Streaming.PoolSize:1000]]
[2020.01.10-21.30.02:385][  0]LogConfig: Setting CVar [[r.Streaming.MaxEffectiveScreenSize:0]]
[2020.01.10-21.30.02:385][  0]LogConfig: Applying CVar settings from Section [EffectsQuality@3] File [../../../MarbleRun/Saved/Config/WindowsNoEditor/Scalability.ini]
[2020.01.10-21.30.02:386][  0]LogConfig: Setting CVar [[r.TranslucencyLightingVolumeDim:64]]
[2020.01.10-21.30.02:386][  0]LogConfig: Setting CVar [[r.RefractionQuality:2]]
[2020.01.10-21.30.02:386][  0]LogConfig: Setting CVar [[r.SSR.Quality:3]]
[2020.01.10-21.30.02:386][  0]LogConfig: Setting CVar [[r.SceneColorFormat:4]]
[2020.01.10-21.30.02:386][  0]LogConfig: Setting CVar [[r.DetailMode:2]]
[2020.01.10-21.30.02:386][  0]LogConfig: Setting CVar [[r.TranslucencyVolumeBlur:1]]
[2020.01.10-21.30.02:386][  0]LogConfig: Setting CVar [[r.MaterialQualityLevel:1 ; High quality]]
[2020.01.10-21.30.02:386][  0]LogConfig: Setting CVar [[r.SSS.Scale:1]]
[2020.01.10-21.30.02:386][  0]LogConfig: Setting CVar [[r.SSS.SampleSet:2]]
[2020.01.10-21.30.02:386][  0]LogConfig: Setting CVar [[r.SSS.Quality:1]]
[2020.01.10-21.30.02:386][  0]LogConfig: Setting CVar [[r.SSS.HalfRes:1]]
[2020.01.10-21.30.02:386][  0]LogConfig: Setting CVar [[r.EmitterSpawnRateScale:1.0]]
[2020.01.10-21.30.02:386][  0]LogConfig: Setting CVar [[r.ParticleLightQuality:2]]
[2020.01.10-21.30.02:386][  0]LogConfig: Applying CVar settings from Section [FoliageQuality@3] File [../../../MarbleRun/Saved/Config/WindowsNoEditor/Scalability.ini]
[2020.01.10-21.30.02:386][  0]LogConfig: Setting CVar [[foliage.DensityScale:1.0]]
[2020.01.10-21.30.02:386][  0]LogConfig: Setting CVar [[grass.DensityScale:1.0]]
[2020.01.10-21.30.02:386][  0]LogConfig: Applying CVar settings from Section [Startup] File [../../../Engine/Config/ConsoleVariables.ini]
[2020.01.10-21.30.02:386][  0]LogConfig: Setting CVar [[net.UseAdaptiveNetUpdateFrequency:0]]
[2020.01.10-21.30.02:386][  0]LogConfig: Setting CVar [[p.chaos.AllowCreatePhysxBodies:1]]
[2020.01.10-21.30.02:386][  0]LogConfig: Applying CVar settings from Section [ConsoleVariables] File [../../../MarbleRun/Saved/Config/WindowsNoEditor/Engine.ini]
[2020.01.10-21.30.02:386][  0]LogInit: Computer: DESKTOP-N2I7A14
[2020.01.10-21.30.02:386][  0]LogInit: User: JackSJadoenath
[2020.01.10-21.30.02:386][  0]LogInit: CPU Page size=4096, Cores=4
[2020.01.10-21.30.02:386][  0]LogInit: High frequency timer resolution =10.000000 MHz
[2020.01.10-21.30.02:386][  0]LogMemory: Memory total: Physical=16.0GB (16GB approx)
[2020.01.10-21.30.02:386][  0]LogMemory: Platform Memory Stats for WindowsNoEditor
[2020.01.10-21.30.02:386][  0]LogMemory: Process Physical Memory: 56.41 MB used, 56.42 MB peak
[2020.01.10-21.30.02:386][  0]LogMemory: Process Virtual Memory: 68.30 MB used, 68.30 MB peak
[2020.01.10-21.30.02:386][  0]LogMemory: Physical Memory: 8543.86 MB used,  7792.38 MB free, 16336.23 MB total
[2020.01.10-21.30.02:386][  0]LogMemory: Virtual Memory: 4453.75 MB used,  134213272.00 MB free, 134217728.00 MB total
[2020.01.10-21.30.02:393][  0]LogWindows: WindowsPlatformFeatures enabled
[2020.01.10-21.30.02:909][  0]LogInit: Using OS detected language (en-US).
[2020.01.10-21.30.02:909][  0]LogInit: Using OS detected locale (en-US).
[2020.01.10-21.30.02:909][  0]LogTextLocalizationManager: No specific localization for 'en-US' exists, so the 'en' localization will be used.
[2020.01.10-21.30.02:970][  0]LogSlate: New Slate User Created.  User Index 0, Is Virtual User: 0
[2020.01.10-21.30.02:970][  0]LogSlate: Slate User Registered.  User Index 0, Is Virtual User: 0
[2020.01.10-21.30.02:992][  0]LogHMD: Failed to initialize OpenVR with code 110
[2020.01.10-21.30.02:992][  0]LogD3D11RHI: D3D11 adapters:
[2020.01.10-21.30.03:074][  0]LogD3D11RHI:    0. 'NVIDIA GeForce GTX 1060 6GB' (Feature Level 11_0)
[2020.01.10-21.30.03:074][  0]LogD3D11RHI:       6052/0/8168 MB DedicatedVideo/DedicatedSystem/SharedSystem, Outputs:2, VendorId:0x10de
[2020.01.10-21.30.03:125][  0]LogD3D11RHI:    1. 'Microsoft Basic Render Driver' (Feature Level 11_0)
[2020.01.10-21.30.03:126][  0]LogD3D11RHI:       0/0/8168 MB DedicatedVideo/DedicatedSystem/SharedSystem, Outputs:0, VendorId:0x1414
[2020.01.10-21.30.03:126][  0]LogD3D11RHI: Chosen D3D11 Adapter: 0
[2020.01.10-21.30.03:138][  0]LogD3D11RHI: Creating new Direct3DDevice
[2020.01.10-21.30.03:138][  0]LogD3D11RHI:     GPU DeviceId: 0x1c03 (for the marketing name, search the web for "GPU Device Id")
[2020.01.10-21.30.03:138][  0]LogWindows: EnumDisplayDevices:
[2020.01.10-21.30.03:138][  0]LogWindows:    0. 'NVIDIA GeForce GTX 1060 6GB' (P:0 D:1)
[2020.01.10-21.30.03:139][  0]LogWindows:    1. 'NVIDIA GeForce GTX 1060 6GB' (P:1 D:1)
[2020.01.10-21.30.03:139][  0]LogWindows:    2. 'NVIDIA GeForce GTX 1060 6GB' (P:0 D:0)
[2020.01.10-21.30.03:140][  0]LogWindows:    3. 'NVIDIA GeForce GTX 1060 6GB' (P:0 D:0)
[2020.01.10-21.30.03:140][  0]LogWindows: DebugString: FoundDriverCount:4 
[2020.01.10-21.30.03:140][  0]LogD3D11RHI:     Adapter Name: NVIDIA GeForce GTX 1060 6GB
[2020.01.10-21.30.03:140][  0]LogD3D11RHI:   Driver Version: 436.48 (internal:26.21.14.3648, unified:436.48)
[2020.01.10-21.30.03:140][  0]LogD3D11RHI:      Driver Date: 9-26-2019
[2020.01.10-21.30.03:140][  0]LogRHI: Texture pool is 4236 MB (70% of 6052 MB)
[2020.01.10-21.30.03:193][  0]LogD3D11RHI: Async texture creation enabled
[2020.01.10-21.30.03:219][  0]LogD3D11RHI: GPU Timing Frequency: 1000.000000 (Debug: 2 1)
[2020.01.10-21.30.03:283][  0]LogMaterial: Verifying Global Shaders for PCD3D_SM5
[2020.01.10-21.30.03:287][  0]LogSlate: Using FreeType 2.6.0
[2020.01.10-21.30.03:288][  0]LogSlate: SlateFontServices - WITH_FREETYPE: 1, WITH_HARFBUZZ: 1
[2020.01.10-21.30.03:369][  0]LogInit: Using OS detected language (en-US).
[2020.01.10-21.30.03:369][  0]LogInit: Using OS detected locale (en-US).
[2020.01.10-21.30.03:369][  0]LogTextLocalizationManager: No localization for 'en-US' exists, so 'en' will be used for the language.
[2020.01.10-21.30.03:369][  0]LogTextLocalizationManager: No localization for 'en-US' exists, so 'en' will be used for the locale.
[2020.01.10-21.30.03:370][  0]LogSlate: FontCache flush requested. Reason: Culture for localization was changed
[2020.01.10-21.30.03:370][  0]LogSlate: FontCache flush requested. Reason: Culture for localization was changed
[2020.01.10-21.30.03:371][  0]LogTextLocalizationManager: Compacting localization data took   0.97ms
[2020.01.10-21.30.03:374][  0]LogAssetRegistry: FAssetRegistry took 0.0029 seconds to start up
[2020.01.10-21.30.03:511][  0]LogStreaming: Display: Flushing async loaders.
[2020.01.10-21.30.03:512][  0]LogPackageLocalizationCache: Processed 11 localized package path(s) for 1 prioritized culture(s) in 0.000089 seconds
[2020.01.10-21.30.03:512][  0]LogPakFile: New pak file ../../../MarbleRun/Content/Paks/MarbleRun-WindowsNoEditor.pak added to pak precacher.
[2020.01.10-21.30.03:516][  0]LogInit: Selected Device Profile: [WindowsNoEditor]
[2020.01.10-21.30.03:526][  0]LogNetVersion: MarbleRun 1.0.0, NetCL: 8386587, EngineNetVer: 11, GameNetVer: 0 (Checksum: 2665505711)
[2020.01.10-21.30.03:882][  0]LogMoviePlayer: Initializing movie player
[2020.01.10-21.30.03:882][  0]LogAndroidPermission: UAndroidPermissionCallbackProxy::GetInstance
[2020.01.10-21.30.03:883][  0]LogOcInput: OculusInput pre-init called
[2020.01.10-21.30.03:889][  0]LogUObjectArray: 39546 objects as part of root set at end of initial load.
[2020.01.10-21.30.03:889][  0]LogUObjectArray: 2 objects are not in the root set, but can never be destroyed because they are in the DisregardForGC set.
[2020.01.10-21.30.03:889][  0]LogUObjectAllocator: 5932128 out of 0 bytes used by permanent object pool.
[2020.01.10-21.30.03:889][  0]LogUObjectArray: CloseDisregardForGC: 39546/39546 objects in disregard for GC pool
[2020.01.10-21.30.03:891][  0]LogEngine: Initializing Engine...
[2020.01.10-21.30.03:892][  0]LogHMD: Failed to initialize OpenVR with code 110
[2020.01.10-21.30.03:893][  0]LogStats: UGameplayTagsManager::InitializeManager -  0.000 s
[2020.01.10-21.30.04:097][  0]LogInit: Initializing FReadOnlyCVARCache
[2020.01.10-21.30.04:194][  0]LogAudioDebug: Display: Lib vorbis DLL was dynamically loaded.
[2020.01.10-21.30.04:236][  0]LogInit: XAudio2 using 'Speakers (USB PnP Sound Device)' : 6 channels at 48 kHz using 32 bits per sample (channel mask 0x3f)
[2020.01.10-21.30.04:265][  0]LogInit: FAudioDevice initialized.
[2020.01.10-21.30.04:266][  0]LogNetVersion: Set ProjectVersion to 1.0.0.0. Version Checksum will be recalculated on next use.
[2020.01.10-21.30.04:266][  0]LogInit: Texture streaming: Enabled
[2020.01.10-21.30.04:312][  0]LogSlate: Updating window title bar state: overlay mode, drag disabled, window buttons hidden, title bar hidden
[2020.01.10-21.30.04:313][  0]LogInit: Display: Game Engine Initialized.
[2020.01.10-21.30.04:314][  0]LogInit: Display: Starting Game.
[2020.01.10-21.30.04:314][  0]LogNet: Browse: /Game/Levels/level1?Name=Player
[2020.01.10-21.30.04:314][  0]LogLoad: LoadMap: /Game/Levels/level1?Name=Player
[2020.01.10-21.30.04:314][  0]LogWorld: BeginTearingDown for /Temp/Untitled_0
[2020.01.10-21.30.04:322][  0]LogWorld: UWorld::CleanupWorld for Untitled, bSessionEnded=true, bCleanupResources=true
[2020.01.10-21.30.04:330][  0]LogUObjectHash: Compacting FUObjectHashTables data took   1.80ms
[2020.01.10-21.30.04:541][  0]LogAIModule: Creating AISystem for world level1
[2020.01.10-21.30.04:541][  0]LogLoad: Game class is 'GameModeBase'
[2020.01.10-21.30.04:578][  0]LogWorld: Bringing World /Game/Levels/level1.level1 up for play (max tick rate 0) at 2020.01.10-22.30.04
[2020.01.10-21.30.04:584][  0]LogWorld: Bringing up level for play took: 0.041570
[2020.01.10-21.30.04:588][  0]LogBlueprintUserMessages: [level1_C_14] Welcome to my maze
[2020.01.10-21.30.04:588][  0]LogLoad: Took 0.273596 seconds to LoadMap(/Game/Levels/level1)
[2020.01.10-21.30.04:611][  0]LogRenderer: Reallocating scene render targets to support 1920x1080 Format 10 NumSamples 1 (Frame:1).
[2020.01.10-21.30.04:611][  0]LogSlate: Took 0.018206 seconds to synchronously load lazily loaded font '../../../Engine/Content/Slate/Fonts/Roboto-Regular.ttf' (155K)
[2020.01.10-21.30.04:613][  0]LogLoad: (Engine Initialization) Total time: 2.61 seconds
[2020.01.10-21.30.04:655][  0]LogContentStreaming: Texture pool size now 1000 MB
[2020.01.10-21.30.04:802][  0]LogRenderer: Reallocating scene render targets to support 128x128 Format 10 NumSamples 1 (Frame:1).
[2020.01.10-21.30.04:864][  0]LogRenderer: Reallocating scene render targets to support 1920x1080 Format 10 NumSamples 1 (Frame:2).
[2020.01.10-21.30.04:892][  0]LogSlate: Slate font cache was flushed
[2020.01.10-21.30.04:933][  1]LogSlate: Took 0.000091 seconds to synchronously load lazily loaded font '../../../Engine/Content/Slate/Fonts/Roboto-Regular.ttf' (155K)
[2020.01.10-21.30.48:777][719]LogBlueprintUserMessages: [level1_C_14] You have completed this maze in 44.14 seconds
[2020.01.10-21.30.51:583][893]Closing by request
[2020.01.10-21.30.51:583][893]LogWindows: FPlatformMisc::RequestExit(0)
[2020.01.10-21.30.51:604][894]LogWorld: BeginTearingDown for /Game/Levels/level1
[2020.01.10-21.30.51:604][894]LogWorld: UWorld::CleanupWorld for level1, bSessionEnded=true, bCleanupResources=true
[2020.01.10-21.30.51:917][894]LogSlate: Request Window 'MarbleRun (64-bit Development PCD3D_SM5) ' being destroyed
[2020.01.10-21.30.51:926][894]LogSlate: Window 'MarbleRun (64-bit Development PCD3D_SM5) ' being destroyed
[2020.01.10-21.30.51:927][894]LogWindowsTextInputMethodSystem: Display: IME system now deactivated.
[2020.01.10-21.30.51:957][894]LogSlate: Slate User Destroyed.  User Index 0, Is Virtual User: 0
[2020.01.10-21.30.51:957][894]LogExit: Preparing to exit.
[2020.01.10-21.30.51:957][894]LogMoviePlayer: Shutting down movie player
[2020.01.10-21.30.51:962][894]LogSlate: Updating window title bar state: overlay mode, drag disabled, window buttons hidden, title bar hidden
[2020.01.10-21.30.51:963][894]LogDemo: Cleaned up 0 splitscreen connections with owner deletion
[2020.01.10-21.30.51:966][894]LogExit: Game engine shut down
[2020.01.10-21.30.52:014][894]LogExit: Object subsystem successfully closed.
[2020.01.10-21.30.52:130][894]LogModuleManager: Shutting down and abandoning module AutomationController (214)
[2020.01.10-21.30.52:130][894]LogModuleManager: Shutting down and abandoning module AutomationWorker (212)
[2020.01.10-21.30.52:130][894]LogModuleManager: Shutting down and abandoning module Voice (210)
[2020.01.10-21.30.52:130][894]LogModuleManager: Shutting down and abandoning module AIModule (208)
[2020.01.10-21.30.52:130][894]LogModuleManager: Shutting down and abandoning module GameplayDebugger (207)
[2020.01.10-21.30.52:130][894]LogModuleManager: Shutting down and abandoning module NavigationSystem (205)
[2020.01.10-21.30.52:130][894]LogModuleManager: Shutting down and abandoning module WebMMediaFactory (202)
[2020.01.10-21.30.52:130][894]LogModuleManager: Shutting down and abandoning module WebMMedia (200)
[2020.01.10-21.30.52:130][894]LogModuleManager: Shutting down and abandoning module OculusMR (198)
[2020.01.10-21.30.52:130][894]LogModuleManager: Shutting down and abandoning module WmfMediaFactory (196)
[2020.01.10-21.30.52:130][894]LogModuleManager: Shutting down and abandoning module OpenExrWrapper (194)
[2020.01.10-21.30.52:130][894]LogModuleManager: Shutting down and abandoning module ImgMediaFactory (192)
[2020.01.10-21.30.52:130][894]LogModuleManager: Shutting down and abandoning module AvfMediaFactory (190)
[2020.01.10-21.30.52:130][894]LogModuleManager: Shutting down and abandoning module CharacterAI (188)
[2020.01.10-21.30.52:130][894]LogModuleManager: Shutting down and abandoning module SessionServices (186)
[2020.01.10-21.30.52:130][894]LogModuleManager: Shutting down and abandoning module LiveCoding (184)
[2020.01.10-21.30.52:131][894]LogModuleManager: Shutting down and abandoning module LevelSequence (182)
[2020.01.10-21.30.52:131][894]LogModuleManager: Shutting down and abandoning module MovieSceneTracks (180)
[2020.01.10-21.30.52:131][894]LogModuleManager: Shutting down and abandoning module MovieScene (178)
[2020.01.10-21.30.52:131][894]LogModuleManager: Shutting down and abandoning module StreamingPauseRendering (176)
[2020.01.10-21.30.52:131][894]LogModuleManager: Shutting down and abandoning module ImageWriteQueue (174)
[2020.01.10-21.30.52:132][894]LogModuleManager: Shutting down and abandoning module ProfilerService (172)
[2020.01.10-21.30.52:214][894]LogModuleManager: Shutting down and abandoning module TaskGraph (170)
[2020.01.10-21.30.52:214][894]LogModuleManager: Shutting down and abandoning module SteamVRController (168)
[2020.01.10-21.30.52:214][894]LogModuleManager: Shutting down and abandoning module ProceduralMeshComponent (166)
[2020.01.10-21.30.52:214][894]LogModuleManager: Shutting down and abandoning module OculusInput (164)
[2020.01.10-21.30.52:214][894]LogModuleManager: Shutting down and abandoning module MobilePatchingUtils (162)
[2020.01.10-21.30.52:214][894]LogModuleManager: Shutting down and abandoning module EditableMesh (160)
[2020.01.10-21.30.52:214][894]LogModuleManager: Shutting down and abandoning module CustomMeshComponent (158)
[2020.01.10-21.30.52:214][894]LogModuleManager: Shutting down and abandoning module CableComponent (156)
[2020.01.10-21.30.52:214][894]LogModuleManager: Shutting down and abandoning module AudioCapture (154)
[2020.01.10-21.30.52:214][894]LogModuleManager: Shutting down and abandoning module ArchVisCharacter (152)
[2020.01.10-21.30.52:214][894]LogModuleManager: Shutting down and abandoning module AppleImageUtils (150)
[2020.01.10-21.30.52:214][894]LogModuleManager: Shutting down and abandoning module AndroidPermission (148)
[2020.01.10-21.30.52:214][894]LogModuleManager: Shutting down and abandoning module MediaCompositing (146)
[2020.01.10-21.30.52:214][894]LogModuleManager: Shutting down and abandoning module ImgMedia (144)
[2020.01.10-21.30.52:214][894]LogModuleManager: Shutting down and abandoning module HTML5Networking (142)
[2020.01.10-21.30.52:214][894]LogModuleManager: Shutting down and abandoning module BackChannel (140)
[2020.01.10-21.30.52:214][894]LogModuleManager: Shutting down and abandoning module AutomationUtils (138)
[2020.01.10-21.30.52:214][894]LogModuleManager: Shutting down and abandoning module GeometryCacheTracks (136)
[2020.01.10-21.30.52:214][894]LogModuleManager: Shutting down and abandoning module GeometryCache (134)
[2020.01.10-21.30.52:214][894]LogModuleManager: Shutting down and abandoning module VariantManagerContent (132)
[2020.01.10-21.30.52:214][894]LogModuleManager: Shutting down and abandoning module MarbleRun (130)
[2020.01.10-21.30.52:214][894]LogModuleManager: Shutting down and abandoning module RuntimePhysXCooking (128)
[2020.01.10-21.30.52:214][894]LogModuleManager: Shutting down and abandoning module LocationServicesBPLibrary (124)
[2020.01.10-21.30.52:214][894]LogModuleManager: Shutting down and abandoning module ActorSequence (122)
[2020.01.10-21.30.52:214][894]LogModuleManager: Shutting down and abandoning module UdpMessaging (120)
[2020.01.10-21.30.52:214][894]LogModuleManager: Shutting down and abandoning module TcpMessaging (118)
[2020.01.10-21.30.52:215][894]LogModuleManager: Shutting down and abandoning module FacialAnimation (116)
[2020.01.10-21.30.52:215][894]LogModuleManager: Shutting down and abandoning module SignificanceManager (114)
[2020.01.10-21.30.52:215][894]LogModuleManager: Shutting down and abandoning module AnimationSharing (112)
[2020.01.10-21.30.52:215][894]LogModuleManager: Shutting down and abandoning module LightPropagationVolumeRuntime (110)
[2020.01.10-21.30.52:215][894]LogModuleManager: Shutting down and abandoning module Paper2D (108)
[2020.01.10-21.30.52:215][894]LogModuleManager: Shutting down and abandoning module WindowsMoviePlayer (106)
[2020.01.10-21.30.52:216][894]LogModuleManager: Shutting down and abandoning module WebMMoviePlayer (104)
[2020.01.10-21.30.52:216][894]LogModuleManager: Shutting down and abandoning module NetworkReplayStreaming (102)
[2020.01.10-21.30.52:216][894]LogModuleManager: Shutting down and abandoning module PacketHandler (100)
[2020.01.10-21.30.52:216][894]LogModuleManager: Shutting down and abandoning module ClothingSystemRuntime (98)
[2020.01.10-21.30.52:227][894]LogModuleManager: Shutting down and abandoning module MediaAssets (96)
[2020.01.10-21.30.52:227][894]LogModuleManager: Shutting down and abandoning module Overlay (94)
[2020.01.10-21.30.52:227][894]LogModuleManager: Shutting down and abandoning module UMG (92)
[2020.01.10-21.30.52:227][894]LogModuleManager: Shutting down and abandoning module SlateReflector (90)
[2020.01.10-21.30.52:227][894]LogModuleManager: Shutting down and abandoning module Slate (88)
[2020.01.10-21.30.52:227][894]LogModuleManager: Shutting down and abandoning module MRMesh (86)
[2020.01.10-21.30.52:227][894]LogModuleManager: Shutting down and abandoning module Messaging (84)
[2020.01.10-21.30.52:227][894]LogModuleManager: Shutting down and abandoning module HeadMountedDisplay (82)
[2020.01.10-21.30.52:227][894]LogModuleManager: Shutting down and abandoning module XAudio2 (80)
[2020.01.10-21.30.52:227][894]LogModuleManager: Shutting down and abandoning module Networking (78)
[2020.01.10-21.30.52:227][894]LogModuleManager: Shutting down and abandoning module Core (76)
[2020.01.10-21.30.52:227][894]LogModuleManager: Shutting down and abandoning module ImageWrapper (72)
[2020.01.10-21.30.52:227][894]LogModuleManager: Shutting down and abandoning module InputCore (70)
[2020.01.10-21.30.52:227][894]LogModuleManager: Shutting down and abandoning module PhysXCooking (68)
[2020.01.10-21.30.52:227][894]LogModuleManager: Shutting down and abandoning module WindowsPlatformFeatures (66)
[2020.01.10-21.30.52:227][894]LogModuleManager: Shutting down and abandoning module GameplayMediaEncoder (65)
[2020.01.10-21.30.52:227][894]LogModuleManager: Shutting down and abandoning module SteamVR (62)
[2020.01.10-21.30.52:227][894]LogHMD: Freeing OpenVRDLLHandle.
[2020.01.10-21.30.52:227][894]LogModuleManager: Shutting down and abandoning module OculusHMD (60)
[2020.01.10-21.30.52:227][894]LogModuleManager: Shutting down and abandoning module ExampleDeviceProfileSelector (58)
[2020.01.10-21.30.52:227][894]LogModuleManager: Shutting down and abandoning module LauncherChunkInstaller (56)
[2020.01.10-21.30.52:227][894]LogModuleManager: Shutting down and abandoning module OnlineSubsystem (52)
[2020.01.10-21.30.52:228][894]LogModuleManager: Shutting down and abandoning module HTTP (47)
[2020.01.10-21.30.52:239][894]LogModuleManager: Shutting down and abandoning module SSL (46)
[2020.01.10-21.30.52:239][894]LogModuleManager: Shutting down and abandoning module WmfMedia (42)
[2020.01.10-21.30.52:240][894]LogModuleManager: Shutting down and abandoning module Media (41)
[2020.01.10-21.30.52:240][894]LogModuleManager: Shutting down and abandoning module DatasmithContent (38)
[2020.01.10-21.30.52:241][894]LogModuleManager: Shutting down and abandoning module AISupportModule (36)
[2020.01.10-21.30.52:241][894]LogModuleManager: Shutting down and abandoning module PlatformCryptoOpenSSL (34)
[2020.01.10-21.30.52:241][894]LogModuleManager: Shutting down and abandoning module PlatformCrypto (32)
[2020.01.10-21.30.52:241][894]LogModuleManager: Shutting down and abandoning module RenderCore (30)
[2020.01.10-21.30.52:241][894]LogModuleManager: Shutting down and abandoning module Landscape (28)
[2020.01.10-21.30.52:241][894]LogModuleManager: Shutting down and abandoning module SlateRHIRenderer (26)
[2020.01.10-21.30.52:241][894]LogModuleManager: Shutting down and abandoning module OpenGLDrv (24)
[2020.01.10-21.30.52:241][894]LogModuleManager: Shutting down and abandoning module D3D11RHI (22)
[2020.01.10-21.30.52:241][894]LogModuleManager: Shutting down and abandoning module AnimGraphRuntime (20)
[2020.01.10-21.30.52:241][894]LogModuleManager: Shutting down and abandoning module Renderer (18)
[2020.01.10-21.30.52:242][894]LogModuleManager: Shutting down and abandoning module Engine (16)
[2020.01.10-21.30.52:242][894]LogModuleManager: Shutting down and abandoning module CoreUObject (14)
[2020.01.10-21.30.52:242][894]LogModuleManager: Shutting down and abandoning module NetworkFile (12)
[2020.01.10-21.30.52:242][894]LogModuleManager: Shutting down and abandoning module CookedIterativeFile (10)
[2020.01.10-21.30.52:242][894]LogModuleManager: Shutting down and abandoning module StreamingFile (8)
[2020.01.10-21.30.52:242][894]LogModuleManager: Shutting down and abandoning module SandboxFile (6)
[2020.01.10-21.30.52:242][894]LogModuleManager: Shutting down and abandoning module PakFile (4)
[2020.01.10-21.30.52:242][894]LogModuleManager: Shutting down and abandoning module RSA (3)
[2020.01.10-21.30.52:242][894]LogD3D11RHI: Shutdown
[2020.01.10-21.30.52:242][894]LogD3D11RHI: CleanupD3DDevice
[2020.01.10-21.30.52:243][894]LogRendererCore: FGlobalDynamicReadBuffer::Cleanup()
[2020.01.10-21.30.52:243][894]LogRendererCore: FGlobalDynamicReadBuffer::Cleanup()
[2020.01.10-21.30.52:243][894]LogRendererCore: FGlobalDynamicReadBuffer::Cleanup()
[2020.01.10-21.30.52:279][894]LogD3D11RHI: ~FD3D11DynamicRHI
[2020.01.10-21.30.52:284][894]LogExit: Exiting.
[2020.01.10-21.30.52:322][894]Log file closed, 01/10/20 22:30:52
